{
  "status": "ok",
  "deployment": {
    "id": "dpl_AJF4ngzmpVWKaDRLM8c1dnVAa1HP",
    "url": "https://business-template-dealer-q449migr6-astraoracle-5510s-projects.vercel.app",
    "inspectorUrl": "https://vercel.com/astraoracle-5510s-projects/business-template-dealer/AJF4ngzmpVWKaDRLM8c1dnVAa1HP",
    "readyState": "READY",
    "target": "production",
    "deploymentApiUrl": "https://api.vercel.com/v13/deployments/dpl_AJF4ngzmpVWKaDRLM8c1dnVAa1HP"
  },
  "message": "Deployment business-template-dealer-q449migr6-astraoracle-5510s-projects.vercel.app ready.",
  "next": [
    {
      "command": "vercel inspect business-template-dealer-q449migr6-astraoracle-5510s-projects.vercel.app",
      "when": "Inspect deployment"
    },
    {
      "command": "vercel deploy --prod",
      "when": "Promote to production"
    }
  ]
}
